<?xml version="1.0" encoding="UTF-8"?>
<!-- Generated by org.testng.reporters.JUnitXMLReporter -->
<testsuite ignored="0" hostname="DESKTOP-BABQN08" failures="0" tests="6" name="My First Selenium TestNG Test" time="186.25" errors="0" timestamp="2020-02-05T18:36:00 CET">
  <testcase classname="testingGospodarPrstenova" name="test1_SignInWrongPassword" time="8.696"/>
  <testcase classname="testingGospodarPrstenova" name="test2_SignIn" time="8.387"/>
  <testcase classname="testingGospodarPrstenova" name="test3_SignOut" time="14.473"/>
  <testcase classname="testingGospodarPrstenova" name="test4_AddToCart" time="37.39"/>
  <testcase classname="testingGospodarPrstenova" name="test5_RemoveFromCart" time="24.888"/>
  <testcase classname="testingGospodarPrstenova" name="test6_Checkout" time="16.661"/>
</testsuite> <!-- My First Selenium TestNG Test -->
